2020-07-02 21:18:10,957 - instabot version: 0.117.0 (bot) - INFO - Instabot version: 0.117.0 Started
2020-07-02 21:18:10,958 - instabot version: 0.117.0 (bot) - DEBUG - Bot imported from /Users/samihabdeljabbar/opt/anaconda3/envs/fluffy/lib/python3.8/site-packages/instabot/bot/bot.py
2020-07-02 21:18:10,960 - instabot version: 0.117.0 (api_login) - DEBUG - Loading cookies
2020-07-02 21:18:10,962 - instabot version: 0.117.0 (api_login) - DEBUG - Loading uuids
2020-07-02 21:18:10,962 - instabot version: 0.117.0 (api_login) - INFO - Recovery from /Users/samihabdeljabbar/Desktop/NEW/config/aladdins_carpet_uuid_and_cookie.json: COOKIE True - UUIDs True - TIMING, DEVICE and ...
- user-agent=Instagram 117.0.0.28.123 Android (28/9.0; 420dpi; 1080x1920; OnePlus; ONEPLUS A3003; OnePlus3; qcom; en_US; 180322800)
- phone_id=92419107-29d2-4785-a777-044b4cf61c86
- uuid=e21069b5-644d-4852-b495-4593403287ba
- client_session_id=bea77e41-6359-4eaf-9493-1d59b9bc49a3
- device_id=android-1e4011bdd2aafee7
2020-07-02 21:18:10,963 - instabot version: 0.117.0 (api_login) - INFO - LOGIN FLOW! Just logged-in: False
2020-07-02 21:18:13,254 - instabot version: 0.117.0 (api) - DEBUG - POST to endpoint: feed/timeline/ returned response: <Response [200]>
2020-07-02 21:18:14,179 - instabot version: 0.117.0 (api) - DEBUG - POST to endpoint: feed/reels_tray/ returned response: <Response [200]>
2020-07-02 21:18:14,192 - instabot version: 0.117.0 (api) - INFO - Logged-in successfully as 'aladdins_carpet'!
2020-07-02 21:18:14,193 - instabot version: 0.117.0 (bot_checkpoint) - DEBUG - Loading Checkpoint file from: /Users/samihabdeljabbar/Desktop/NEW/config/aladdins_carpet.checkpoint
2020-07-02 21:19:05,679 - instabot version: 0.117.0 (api) - DEBUG - POST to endpoint: media/configure/? returned response: <Response [200]>
2020-07-02 21:19:05,973 - instabot version: 0.117.0 (api) - DEBUG - POST to endpoint: qe/expose/ returned response: <Response [200]>
2020-07-02 21:19:05,974 - instabot version: 0.117.0 (bot_photo) - INFO - Photo 'picture.jpg' is uploaded.
2020-07-02 21:19:06,712 - instabot version: 0.117.0 (bot_checkpoint) - DEBUG - Saving Checkpoint file to: /Users/samihabdeljabbar/Desktop/NEW/config/aladdins_carpet.checkpoint
2020-07-02 21:19:06,721 - instabot version: 0.117.0 (bot) - INFO - Total requests: 35
